may 13, 2013 8:39:02 PM org.apache.solr.core.SolrResourceLoader locateSolrHome
INFO: JNDI not configured for solr (NoInitialContextEx)
may 13, 2013 8:39:02 PM org.apache.solr.core.SolrResourceLoader locateSolrHome
INFO: using system property solr.solr.home: /home/bismark/Documentos/Altoros/altorossemiseniordeveloperrole/rss-reader/solr
may 13, 2013 8:39:02 PM org.apache.solr.core.SolrResourceLoader <init>
INFO: Solr home set to '/home/bismark/Documentos/Altoros/altorossemiseniordeveloperrole/rss-reader/solr/'
may 13, 2013 8:39:02 PM org.apache.solr.servlet.SolrDispatchFilter init
INFO: SolrDispatchFilter.init()
may 13, 2013 8:39:02 PM org.apache.solr.core.SolrResourceLoader locateSolrHome
INFO: JNDI not configured for solr (NoInitialContextEx)
may 13, 2013 8:39:02 PM org.apache.solr.core.SolrResourceLoader locateSolrHome
INFO: using system property solr.solr.home: /home/bismark/Documentos/Altoros/altorossemiseniordeveloperrole/rss-reader/solr
may 13, 2013 8:39:02 PM org.apache.solr.core.CoreContainer$Initializer initialize
INFO: looking for solr.xml: /home/bismark/Documentos/Altoros/altorossemiseniordeveloperrole/rss-reader/solr/solr.xml
may 13, 2013 8:39:02 PM org.apache.solr.core.SolrResourceLoader locateSolrHome
INFO: JNDI not configured for solr (NoInitialContextEx)
may 13, 2013 8:39:02 PM org.apache.solr.core.SolrResourceLoader locateSolrHome
INFO: using system property solr.solr.home: /home/bismark/Documentos/Altoros/altorossemiseniordeveloperrole/rss-reader/solr
may 13, 2013 8:39:02 PM org.apache.solr.core.CoreContainer <init>
INFO: New CoreContainer: solrHome=/home/bismark/Documentos/Altoros/altorossemiseniordeveloperrole/rss-reader/solr/ instance=2139318671
may 13, 2013 8:39:02 PM org.apache.solr.core.SolrResourceLoader <init>
INFO: Solr home set to '/home/bismark/Documentos/Altoros/altorossemiseniordeveloperrole/rss-reader/solr/'
may 13, 2013 8:39:02 PM org.apache.solr.core.SolrResourceLoader <init>
INFO: Solr home set to '/home/bismark/Documentos/Altoros/altorossemiseniordeveloperrole/rss-reader/solr/./'
may 13, 2013 8:39:02 PM org.apache.solr.core.SolrConfig initLibs
INFO: Adding specified lib dirs to ClassLoader
may 13, 2013 8:39:02 PM org.apache.solr.core.Config getLuceneVersion
WARNING: the luceneMatchVersion is not specified, defaulting to LUCENE_24 emulation. You should at some point declare and reindex to at least 3.0, because 2.4 emulation is deprecated and will be removed in 4.0. This parameter will be mandatory in 4.0.
may 13, 2013 8:39:02 PM org.apache.solr.core.SolrConfig <init>
INFO: Using Lucene MatchVersion: LUCENE_24
may 13, 2013 8:39:02 PM org.apache.solr.core.SolrConfig <init>
WARNING: Deprecated syntax found. <highlighting/> should move to <searchComponent/>
may 13, 2013 8:39:02 PM org.apache.solr.core.SolrConfig <init>
INFO: Loaded SolrConfig: solrconfig.xml
may 13, 2013 8:39:02 PM org.apache.solr.schema.IndexSchema readSchema
INFO: Reading Solr Schema
may 13, 2013 8:39:02 PM org.apache.solr.schema.IndexSchema readSchema
INFO: Schema name=sunspot
may 13, 2013 8:39:02 PM org.apache.solr.util.plugin.AbstractPluginLoader load
INFO: created string: org.apache.solr.schema.StrField
may 13, 2013 8:39:02 PM org.apache.solr.util.plugin.AbstractPluginLoader load
INFO: created tdouble: org.apache.solr.schema.TrieDoubleField
may 13, 2013 8:39:02 PM org.apache.solr.util.plugin.AbstractPluginLoader load
INFO: created rand: org.apache.solr.schema.RandomSortField
may 13, 2013 8:39:02 PM org.apache.solr.util.plugin.AbstractPluginLoader load
INFO: created : org.apache.solr.analysis.StandardTokenizerFactory
may 13, 2013 8:39:02 PM org.apache.solr.analysis.BaseTokenStreamFactory assureMatchVersion
WARNING: StandardTokenizerFactory is using deprecated LUCENE_24 emulation. You should at some point declare and reindex to at least 3.0, because 2.x emulation is deprecated and will be removed in 4.0
may 13, 2013 8:39:02 PM org.apache.solr.util.plugin.AbstractPluginLoader load
INFO: created : org.apache.solr.analysis.StandardFilterFactory
may 13, 2013 8:39:02 PM org.apache.solr.analysis.BaseTokenStreamFactory assureMatchVersion
WARNING: StandardFilterFactory is using deprecated LUCENE_24 emulation. You should at some point declare and reindex to at least 3.0, because 2.x emulation is deprecated and will be removed in 4.0
may 13, 2013 8:39:02 PM org.apache.solr.util.plugin.AbstractPluginLoader load
INFO: created : org.apache.solr.analysis.LowerCaseFilterFactory
may 13, 2013 8:39:02 PM org.apache.solr.analysis.BaseTokenStreamFactory assureMatchVersion
WARNING: LowerCaseFilterFactory is using deprecated LUCENE_24 emulation. You should at some point declare and reindex to at least 3.0, because 2.x emulation is deprecated and will be removed in 4.0
may 13, 2013 8:39:02 PM org.apache.solr.util.plugin.AbstractPluginLoader load
INFO: created : org.apache.solr.analysis.PorterStemFilterFactory
may 13, 2013 8:39:02 PM org.apache.solr.util.plugin.AbstractPluginLoader load
INFO: created text: org.apache.solr.schema.TextField
may 13, 2013 8:39:02 PM org.apache.solr.util.plugin.AbstractPluginLoader load
INFO: created boolean: org.apache.solr.schema.BoolField
may 13, 2013 8:39:02 PM org.apache.solr.util.plugin.AbstractPluginLoader load
INFO: created date: org.apache.solr.schema.DateField
may 13, 2013 8:39:02 PM org.apache.solr.util.plugin.AbstractPluginLoader load
INFO: created sdouble: org.apache.solr.schema.SortableDoubleField
may 13, 2013 8:39:02 PM org.apache.solr.util.plugin.AbstractPluginLoader load
INFO: created sfloat: org.apache.solr.schema.SortableFloatField
may 13, 2013 8:39:02 PM org.apache.solr.util.plugin.AbstractPluginLoader load
INFO: created sint: org.apache.solr.schema.SortableIntField
may 13, 2013 8:39:02 PM org.apache.solr.util.plugin.AbstractPluginLoader load
INFO: created slong: org.apache.solr.schema.SortableLongField
may 13, 2013 8:39:02 PM org.apache.solr.util.plugin.AbstractPluginLoader load
INFO: created tint: org.apache.solr.schema.TrieIntField
may 13, 2013 8:39:02 PM org.apache.solr.util.plugin.AbstractPluginLoader load
INFO: created tfloat: org.apache.solr.schema.TrieFloatField
may 13, 2013 8:39:02 PM org.apache.solr.util.plugin.AbstractPluginLoader load
INFO: created tdate: org.apache.solr.schema.TrieDateField
may 13, 2013 8:39:02 PM org.apache.solr.util.plugin.AbstractPluginLoader load
INFO: created location: org.apache.solr.schema.LatLonType
may 13, 2013 8:39:02 PM org.apache.solr.schema.IndexSchema readSchema
INFO: default search field is text
may 13, 2013 8:39:02 PM org.apache.solr.schema.IndexSchema readSchema
INFO: query parser default operator is AND
may 13, 2013 8:39:02 PM org.apache.solr.schema.IndexSchema readSchema
INFO: unique key field: id
may 13, 2013 8:39:02 PM org.apache.solr.core.SolrCore <init>
INFO: [] Opening new SolrCore at /home/bismark/Documentos/Altoros/altorossemiseniordeveloperrole/rss-reader/solr/./, dataDir=/home/bismark/Documentos/Altoros/altorossemiseniordeveloperrole/rss-reader/solr/data/development/
may 13, 2013 8:39:02 PM org.apache.solr.core.JmxMonitoredMap <init>
INFO: No JMX servers found, not exposing Solr information with JMX.
may 13, 2013 8:39:02 PM org.apache.solr.core.SolrCore initListeners
INFO: [] Added SolrEventListener for newSearcher: org.apache.solr.core.QuerySenderListener{queries=[]}
may 13, 2013 8:39:02 PM org.apache.solr.core.SolrCore initListeners
INFO: [] Added SolrEventListener for firstSearcher: org.apache.solr.core.QuerySenderListener{queries=[{q=solr rocks,start=0,rows=10}, {q=static firstSearcher warming query from solrconfig.xml}]}
may 13, 2013 8:39:02 PM org.apache.solr.request.XSLTResponseWriter <init>
WARNING: org.apache.solr.request.XSLTResponseWriter is deprecated. Please use the corresponding class in org.apache.solr.response
may 13, 2013 8:39:02 PM org.apache.solr.response.XSLTResponseWriter init
INFO: xsltCacheLifetimeSeconds=5
may 13, 2013 8:39:02 PM org.apache.solr.core.RequestHandlers initHandlersFromConfig
INFO: created standard: solr.SearchHandler
may 13, 2013 8:39:02 PM org.apache.solr.core.RequestHandlers initHandlersFromConfig
INFO: created dismax: solr.SearchHandler
may 13, 2013 8:39:02 PM org.apache.solr.core.RequestHandlers initHandlersFromConfig
INFO: created partitioned: solr.SearchHandler
may 13, 2013 8:39:02 PM org.apache.solr.core.RequestHandlers initHandlersFromConfig
INFO: created /spell: solr.SearchHandler
may 13, 2013 8:39:02 PM org.apache.solr.core.RequestHandlers initHandlersFromConfig
INFO: created tvrh: org.apache.solr.handler.component.SearchHandler
may 13, 2013 8:39:02 PM org.apache.solr.core.RequestHandlers initHandlersFromConfig
INFO: adding lazy requestHandler: org.apache.solr.handler.extraction.ExtractingRequestHandler
may 13, 2013 8:39:02 PM org.apache.solr.core.RequestHandlers initHandlersFromConfig
INFO: created /update/extract: org.apache.solr.handler.extraction.ExtractingRequestHandler
may 13, 2013 8:39:02 PM org.apache.solr.core.RequestHandlers initHandlersFromConfig
INFO: created /terms: org.apache.solr.handler.component.SearchHandler
may 13, 2013 8:39:02 PM org.apache.solr.core.RequestHandlers initHandlersFromConfig
INFO: adding lazy requestHandler: solr.SearchHandler
may 13, 2013 8:39:02 PM org.apache.solr.core.RequestHandlers initHandlersFromConfig
INFO: created /elevate: solr.SearchHandler
may 13, 2013 8:39:02 PM org.apache.solr.core.RequestHandlers initHandlersFromConfig
INFO: created /update: solr.XmlUpdateRequestHandler
may 13, 2013 8:39:02 PM org.apache.solr.core.RequestHandlers initHandlersFromConfig
INFO: created /update/javabin: solr.BinaryUpdateRequestHandler
may 13, 2013 8:39:02 PM org.apache.solr.core.RequestHandlers initHandlersFromConfig
INFO: created /analysis/document: solr.DocumentAnalysisRequestHandler
may 13, 2013 8:39:02 PM org.apache.solr.core.RequestHandlers initHandlersFromConfig
INFO: created /analysis/field: solr.FieldAnalysisRequestHandler
may 13, 2013 8:39:02 PM org.apache.solr.core.RequestHandlers initHandlersFromConfig
INFO: adding lazy requestHandler: solr.CSVRequestHandler
may 13, 2013 8:39:02 PM org.apache.solr.core.RequestHandlers initHandlersFromConfig
INFO: created /update/csv: solr.CSVRequestHandler
may 13, 2013 8:39:02 PM org.apache.solr.core.RequestHandlers initHandlersFromConfig
INFO: created /admin/: org.apache.solr.handler.admin.AdminHandlers
may 13, 2013 8:39:02 PM org.apache.solr.core.RequestHandlers initHandlersFromConfig
INFO: created /admin/ping: PingRequestHandler
may 13, 2013 8:39:02 PM org.apache.solr.core.RequestHandlers initHandlersFromConfig
INFO: created /debug/dump: solr.DumpRequestHandler
may 13, 2013 8:39:02 PM org.apache.solr.core.RequestHandlers initHandlersFromConfig
INFO: created /mlt: solr.MoreLikeThisHandler
may 13, 2013 8:39:02 PM org.apache.solr.search.SolrIndexSearcher <init>
INFO: Opening Searcher@24834237 main
may 13, 2013 8:39:02 PM org.apache.solr.update.CommitTracker <init>
INFO: commitTracker AutoCommit: disabled
may 13, 2013 8:39:02 PM org.apache.solr.handler.component.SpellCheckComponent inform
INFO: Initializing spell checkers
may 13, 2013 8:39:02 PM org.apache.solr.handler.component.SpellCheckComponent inform
WARNING: No queryConverter defined, using default converter
may 13, 2013 8:39:02 PM org.apache.solr.handler.component.QueryElevationComponent inform
INFO: Loading QueryElevation from: /home/bismark/Documentos/Altoros/altorossemiseniordeveloperrole/rss-reader/solr/./conf/elevate.xml
may 13, 2013 8:39:02 PM org.apache.solr.handler.component.SearchHandler inform
INFO: Adding  component:org.apache.solr.handler.component.QueryComponent@2f9e14af
may 13, 2013 8:39:02 PM org.apache.solr.handler.component.SearchHandler inform
INFO: Adding  component:org.apache.solr.handler.component.FacetComponent@33600595
may 13, 2013 8:39:02 PM org.apache.solr.handler.component.SearchHandler inform
INFO: Adding  component:org.apache.solr.handler.component.MoreLikeThisComponent@650e938c
may 13, 2013 8:39:02 PM org.apache.solr.handler.component.SearchHandler inform
INFO: Adding  component:org.apache.solr.handler.component.HighlightComponent@1ff90029
may 13, 2013 8:39:02 PM org.apache.solr.handler.component.SearchHandler inform
INFO: Adding  component:org.apache.solr.handler.component.StatsComponent@14799425
may 13, 2013 8:39:02 PM org.apache.solr.handler.component.SearchHandler inform
INFO: Adding  debug component:org.apache.solr.handler.component.DebugComponent@39ed13a3
may 13, 2013 8:39:02 PM org.apache.solr.handler.component.SearchHandler inform
INFO: Adding  component:org.apache.solr.handler.component.QueryComponent@2f9e14af
may 13, 2013 8:39:02 PM org.apache.solr.handler.component.SearchHandler inform
INFO: Adding  component:org.apache.solr.handler.component.FacetComponent@33600595
may 13, 2013 8:39:02 PM org.apache.solr.handler.component.SearchHandler inform
INFO: Adding  component:org.apache.solr.handler.component.MoreLikeThisComponent@650e938c
may 13, 2013 8:39:02 PM org.apache.solr.handler.component.SearchHandler inform
INFO: Adding  component:org.apache.solr.handler.component.HighlightComponent@1ff90029
may 13, 2013 8:39:02 PM org.apache.solr.handler.component.SearchHandler inform
INFO: Adding  component:org.apache.solr.handler.component.StatsComponent@14799425
may 13, 2013 8:39:02 PM org.apache.solr.handler.component.SearchHandler inform
INFO: Adding  debug component:org.apache.solr.handler.component.DebugComponent@39ed13a3
may 13, 2013 8:39:02 PM org.apache.solr.handler.component.SearchHandler inform
INFO: Adding  component:org.apache.solr.handler.component.QueryComponent@2f9e14af
may 13, 2013 8:39:02 PM org.apache.solr.handler.component.SearchHandler inform
INFO: Adding  component:org.apache.solr.handler.component.FacetComponent@33600595
may 13, 2013 8:39:02 PM org.apache.solr.handler.component.SearchHandler inform
INFO: Adding  component:org.apache.solr.handler.component.MoreLikeThisComponent@650e938c
may 13, 2013 8:39:02 PM org.apache.solr.handler.component.SearchHandler inform
INFO: Adding  component:org.apache.solr.handler.component.HighlightComponent@1ff90029
may 13, 2013 8:39:02 PM org.apache.solr.handler.component.SearchHandler inform
INFO: Adding  component:org.apache.solr.handler.component.StatsComponent@14799425
may 13, 2013 8:39:02 PM org.apache.solr.handler.component.SearchHandler inform
INFO: Adding  debug component:org.apache.solr.handler.component.DebugComponent@39ed13a3
may 13, 2013 8:39:02 PM org.apache.solr.handler.component.SearchHandler inform
INFO: Adding  component:org.apache.solr.handler.component.QueryComponent@2f9e14af
may 13, 2013 8:39:02 PM org.apache.solr.handler.component.SearchHandler inform
INFO: Adding  component:org.apache.solr.handler.component.FacetComponent@33600595
may 13, 2013 8:39:02 PM org.apache.solr.handler.component.SearchHandler inform
INFO: Adding  component:org.apache.solr.handler.component.MoreLikeThisComponent@650e938c
may 13, 2013 8:39:02 PM org.apache.solr.handler.component.SearchHandler inform
INFO: Adding  component:org.apache.solr.handler.component.HighlightComponent@1ff90029
may 13, 2013 8:39:02 PM org.apache.solr.handler.component.SearchHandler inform
INFO: Adding  component:org.apache.solr.handler.component.StatsComponent@14799425
may 13, 2013 8:39:02 PM org.apache.solr.handler.component.SearchHandler inform
INFO: Adding  component:org.apache.solr.handler.component.SpellCheckComponent@7ba4500a
may 13, 2013 8:39:02 PM org.apache.solr.handler.component.SearchHandler inform
INFO: Adding  debug component:org.apache.solr.handler.component.DebugComponent@39ed13a3
may 13, 2013 8:39:02 PM org.apache.solr.handler.component.SearchHandler inform
INFO: Adding  component:org.apache.solr.handler.component.QueryComponent@2f9e14af
may 13, 2013 8:39:02 PM org.apache.solr.handler.component.SearchHandler inform
INFO: Adding  component:org.apache.solr.handler.component.FacetComponent@33600595
may 13, 2013 8:39:02 PM org.apache.solr.handler.component.SearchHandler inform
INFO: Adding  component:org.apache.solr.handler.component.MoreLikeThisComponent@650e938c
may 13, 2013 8:39:02 PM org.apache.solr.handler.component.SearchHandler inform
INFO: Adding  component:org.apache.solr.handler.component.HighlightComponent@1ff90029
may 13, 2013 8:39:02 PM org.apache.solr.handler.component.SearchHandler inform
INFO: Adding  component:org.apache.solr.handler.component.StatsComponent@14799425
may 13, 2013 8:39:02 PM org.apache.solr.handler.component.SearchHandler inform
INFO: Adding  component:org.apache.solr.handler.component.TermVectorComponent@6082fff0
may 13, 2013 8:39:02 PM org.apache.solr.handler.component.SearchHandler inform
INFO: Adding  debug component:org.apache.solr.handler.component.DebugComponent@39ed13a3
may 13, 2013 8:39:02 PM org.apache.solr.handler.component.SearchHandler inform
INFO: Adding  component:org.apache.solr.handler.component.TermsComponent@38711710
may 13, 2013 8:39:02 PM org.apache.solr.core.QuerySenderListener newSearcher
INFO: QuerySenderListener sending requests to Searcher@24834237 main
may 13, 2013 8:39:02 PM org.apache.solr.core.CoreContainer register
INFO: registering core: 
may 13, 2013 8:39:02 PM org.apache.solr.servlet.SolrDispatchFilter init
INFO: user.dir=/home/bismark/.rvm/gems/ruby-1.9.3-p327@rss_reader/gems/sunspot_solr-2.0.0/solr
may 13, 2013 8:39:02 PM org.apache.solr.servlet.SolrDispatchFilter init
INFO: SolrDispatchFilter.init() done
may 13, 2013 8:39:02 PM org.apache.solr.servlet.SolrServlet init
INFO: SolrServlet.init()
may 13, 2013 8:39:02 PM org.apache.solr.core.SolrResourceLoader locateSolrHome
INFO: JNDI not configured for solr (NoInitialContextEx)
may 13, 2013 8:39:02 PM org.apache.solr.core.SolrResourceLoader locateSolrHome
INFO: using system property solr.solr.home: /home/bismark/Documentos/Altoros/altorossemiseniordeveloperrole/rss-reader/solr
may 13, 2013 8:39:02 PM org.apache.solr.servlet.SolrServlet init
INFO: SolrServlet.init() done
may 13, 2013 8:39:02 PM org.apache.solr.core.SolrResourceLoader locateSolrHome
INFO: JNDI not configured for solr (NoInitialContextEx)
may 13, 2013 8:39:02 PM org.apache.solr.core.SolrResourceLoader locateSolrHome
INFO: using system property solr.solr.home: /home/bismark/Documentos/Altoros/altorossemiseniordeveloperrole/rss-reader/solr
may 13, 2013 8:39:02 PM org.apache.solr.servlet.SolrUpdateServlet init
INFO: SolrUpdateServlet.init() done
may 13, 2013 8:39:02 PM org.apache.solr.core.SolrCore execute
INFO: [] webapp=null path=null params={start=0&event=firstSearcher&q=solr+rocks&rows=10} hits=0 status=0 QTime=39 
may 13, 2013 8:39:02 PM org.apache.solr.core.SolrCore execute
INFO: [] webapp=null path=null params={event=firstSearcher&q=static+firstSearcher+warming+query+from+solrconfig.xml} hits=0 status=0 QTime=1 
may 13, 2013 8:39:02 PM org.apache.solr.core.QuerySenderListener newSearcher
INFO: QuerySenderListener done.
may 13, 2013 8:39:02 PM org.apache.solr.handler.component.SpellCheckComponent$SpellCheckerListener newSearcher
INFO: Loading spell index for spellchecker: default
may 13, 2013 8:39:02 PM org.apache.solr.core.SolrCore registerSearcher
INFO: [] Registered new searcher Searcher@24834237 main
